1748911353.576677 client started (830513): version 3.5a, socket /tmp/tmux-1000/default, protocol 8
1748911353.576696 on Linux 6.14.7-arch2-1 #1 SMP PREEMPT_DYNAMIC Thu, 22 May 2025 05:37:49 +0000
1748911353.576699 using libevent 2.1.12-stable poll
1748911353.576701 using ncurses 6.5 20240427
1748911353.576724 flags are 0x10010000
1748911353.576733 socket is /tmp/tmux-1000/default
1748911353.576740 trying connect
1748911353.576790 add peer 0x5586c6772ee0: 6 ((nil))
1748911353.576996 sending message 111 to peer 0x5586c6772ee0 (8 bytes)
1748911353.577001 sending message 111 to peer 0x5586c6772ee0 (8 bytes)
1748911353.577003 sending message 101 to peer 0x5586c6772ee0 (16 bytes)
1748911353.577005 sending message 109 to peer 0x5586c6772ee0 (4 bytes)
1748911353.577007 sending message 102 to peer 0x5586c6772ee0 (11 bytes)
1748911353.577009 sending message 108 to peer 0x5586c6772ee0 (25 bytes)
1748911353.577011 sending message 112 to peer 0x5586c6772ee0 (70 bytes)
1748911353.577013 sending message 112 to peer 0x5586c6772ee0 (5 bytes)
1748911353.577015 sending message 112 to peer 0x5586c6772ee0 (5 bytes)
1748911353.577017 sending message 112 to peer 0x5586c6772ee0 (6 bytes)
1748911353.577019 sending message 112 to peer 0x5586c6772ee0 (6 bytes)
1748911353.577021 sending message 112 to peer 0x5586c6772ee0 (11 bytes)
1748911353.577023 sending message 112 to peer 0x5586c6772ee0 (10 bytes)
1748911353.577025 sending message 112 to peer 0x5586c6772ee0 (13 bytes)
1748911353.577026 sending message 112 to peer 0x5586c6772ee0 (13 bytes)
1748911353.577028 sending message 112 to peer 0x5586c6772ee0 (18 bytes)
1748911353.577030 sending message 112 to peer 0x5586c6772ee0 (11 bytes)
1748911353.577032 sending message 112 to peer 0x5586c6772ee0 (21 bytes)
1748911353.577034 sending message 112 to peer 0x5586c6772ee0 (13 bytes)
1748911353.577036 sending message 112 to peer 0x5586c6772ee0 (7 bytes)
1748911353.577038 sending message 112 to peer 0x5586c6772ee0 (13 bytes)
1748911353.577040 sending message 112 to peer 0x5586c6772ee0 (7 bytes)
1748911353.577042 sending message 112 to peer 0x5586c6772ee0 (13 bytes)
1748911353.577044 sending message 112 to peer 0x5586c6772ee0 (9 bytes)
1748911353.577046 sending message 112 to peer 0x5586c6772ee0 (21 bytes)
1748911353.577048 sending message 112 to peer 0x5586c6772ee0 (13 bytes)
1748911353.577050 sending message 112 to peer 0x5586c6772ee0 (8 bytes)
1748911353.577051 sending message 112 to peer 0x5586c6772ee0 (12 bytes)
1748911353.577053 sending message 112 to peer 0x5586c6772ee0 (13 bytes)
1748911353.577055 sending message 112 to peer 0x5586c6772ee0 (9 bytes)
1748911353.577057 sending message 112 to peer 0x5586c6772ee0 (9 bytes)
1748911353.577059 sending message 112 to peer 0x5586c6772ee0 (12 bytes)
1748911353.577061 sending message 112 to peer 0x5586c6772ee0 (8 bytes)
1748911353.577063 sending message 112 to peer 0x5586c6772ee0 (7 bytes)
1748911353.577065 sending message 112 to peer 0x5586c6772ee0 (7 bytes)
1748911353.577067 sending message 112 to peer 0x5586c6772ee0 (9 bytes)
1748911353.577069 sending message 112 to peer 0x5586c6772ee0 (13 bytes)
1748911353.577070 sending message 112 to peer 0x5586c6772ee0 (9 bytes)
1748911353.577072 sending message 112 to peer 0x5586c6772ee0 (15 bytes)
1748911353.577074 sending message 112 to peer 0x5586c6772ee0 (13 bytes)
1748911353.577076 sending message 112 to peer 0x5586c6772ee0 (12 bytes)
1748911353.577078 sending message 112 to peer 0x5586c6772ee0 (8 bytes)
1748911353.577080 sending message 112 to peer 0x5586c6772ee0 (14 bytes)
1748911353.577082 sending message 112 to peer 0x5586c6772ee0 (9 bytes)
1748911353.577084 sending message 112 to peer 0x5586c6772ee0 (10 bytes)
1748911353.577086 sending message 112 to peer 0x5586c6772ee0 (10 bytes)
1748911353.577087 sending message 112 to peer 0x5586c6772ee0 (10 bytes)
1748911353.577089 sending message 112 to peer 0x5586c6772ee0 (10 bytes)
1748911353.577091 sending message 112 to peer 0x5586c6772ee0 (11 bytes)
1748911353.577093 sending message 112 to peer 0x5586c6772ee0 (10 bytes)
1748911353.577095 sending message 112 to peer 0x5586c6772ee0 (8 bytes)
1748911353.577101 sending message 112 to peer 0x5586c6772ee0 (11 bytes)
1748911353.577103 sending message 112 to peer 0x5586c6772ee0 (11 bytes)
1748911353.577105 sending message 112 to peer 0x5586c6772ee0 (11 bytes)
1748911353.577107 sending message 112 to peer 0x5586c6772ee0 (8 bytes)
1748911353.577109 sending message 112 to peer 0x5586c6772ee0 (8 bytes)
1748911353.577111 sending message 112 to peer 0x5586c6772ee0 (8 bytes)
1748911353.577113 sending message 112 to peer 0x5586c6772ee0 (10 bytes)
1748911353.577114 sending message 112 to peer 0x5586c6772ee0 (10 bytes)
1748911353.577116 sending message 112 to peer 0x5586c6772ee0 (10 bytes)
1748911353.577118 sending message 112 to peer 0x5586c6772ee0 (10 bytes)
1748911353.577120 sending message 112 to peer 0x5586c6772ee0 (10 bytes)
1748911353.577122 sending message 112 to peer 0x5586c6772ee0 (11 bytes)
1748911353.577124 sending message 112 to peer 0x5586c6772ee0 (11 bytes)
1748911353.577126 sending message 112 to peer 0x5586c6772ee0 (10 bytes)
1748911353.577128 sending message 112 to peer 0x5586c6772ee0 (9 bytes)
1748911353.577130 sending message 112 to peer 0x5586c6772ee0 (9 bytes)
1748911353.577132 sending message 112 to peer 0x5586c6772ee0 (12 bytes)
1748911353.577134 sending message 112 to peer 0x5586c6772ee0 (9 bytes)
1748911353.577136 sending message 112 to peer 0x5586c6772ee0 (6 bytes)
1748911353.577138 sending message 112 to peer 0x5586c6772ee0 (13 bytes)
1748911353.577140 sending message 112 to peer 0x5586c6772ee0 (8 bytes)
1748911353.577142 sending message 112 to peer 0x5586c6772ee0 (15 bytes)
1748911353.577144 sending message 112 to peer 0x5586c6772ee0 (13 bytes)
1748911353.577145 sending message 112 to peer 0x5586c6772ee0 (70 bytes)
1748911353.577147 sending message 112 to peer 0x5586c6772ee0 (69 bytes)
1748911353.577149 sending message 112 to peer 0x5586c6772ee0 (10 bytes)
1748911353.577151 sending message 112 to peer 0x5586c6772ee0 (8 bytes)
1748911353.577153 sending message 112 to peer 0x5586c6772ee0 (15 bytes)
1748911353.577155 sending message 112 to peer 0x5586c6772ee0 (13 bytes)
1748911353.577157 sending message 112 to peer 0x5586c6772ee0 (10 bytes)
1748911353.577159 sending message 112 to peer 0x5586c6772ee0 (10 bytes)
1748911353.577161 sending message 112 to peer 0x5586c6772ee0 (5 bytes)
1748911353.577163 sending message 112 to peer 0x5586c6772ee0 (15 bytes)
1748911353.577166 sending message 104 to peer 0x5586c6772ee0 (0 bytes)
1748911353.577168 sending message 110 to peer 0x5586c6772ee0 (0 bytes)
1748911353.577171 sending message 107 to peer 0x5586c6772ee0 (4 bytes)
1748911353.577173 sending message 105 to peer 0x5586c6772ee0 (20 bytes)
1748911353.577175 sending message 105 to peer 0x5586c6772ee0 (28 bytes)
1748911353.577177 sending message 105 to peer 0x5586c6772ee0 (54 bytes)
1748911353.577179 sending message 105 to peer 0x5586c6772ee0 (50 bytes)
1748911353.577181 sending message 105 to peer 0x5586c6772ee0 (11 bytes)
1748911353.577183 sending message 105 to peer 0x5586c6772ee0 (25 bytes)
1748911353.577185 sending message 105 to peer 0x5586c6772ee0 (41 bytes)
1748911353.577187 sending message 105 to peer 0x5586c6772ee0 (38 bytes)
1748911353.577189 sending message 105 to peer 0x5586c6772ee0 (36 bytes)
1748911353.577191 sending message 105 to peer 0x5586c6772ee0 (20 bytes)
1748911353.577192 sending message 105 to peer 0x5586c6772ee0 (17 bytes)
1748911353.577194 sending message 105 to peer 0x5586c6772ee0 (22 bytes)
1748911353.577196 sending message 105 to peer 0x5586c6772ee0 (90 bytes)
1748911353.577198 sending message 105 to peer 0x5586c6772ee0 (55 bytes)
1748911353.577200 sending message 105 to peer 0x5586c6772ee0 (19 bytes)
1748911353.577202 sending message 105 to peer 0x5586c6772ee0 (17 bytes)
1748911353.577204 sending message 105 to peer 0x5586c6772ee0 (22 bytes)
1748911353.577206 sending message 105 to peer 0x5586c6772ee0 (14 bytes)
1748911353.577208 sending message 105 to peer 0x5586c6772ee0 (27 bytes)
1748911353.577210 sending message 105 to peer 0x5586c6772ee0 (33 bytes)
1748911353.577212 sending message 105 to peer 0x5586c6772ee0 (15 bytes)
1748911353.577219 sending message 105 to peer 0x5586c6772ee0 (21 bytes)
1748911353.577221 sending message 105 to peer 0x5586c6772ee0 (32 bytes)
1748911353.577223 sending message 105 to peer 0x5586c6772ee0 (17 bytes)
1748911353.577225 sending message 105 to peer 0x5586c6772ee0 (193 bytes)
1748911353.577227 sending message 105 to peer 0x5586c6772ee0 (16 bytes)
1748911353.577229 sending message 105 to peer 0x5586c6772ee0 (53 bytes)
1748911353.577231 sending message 105 to peer 0x5586c6772ee0 (15 bytes)
1748911353.577232 sending message 105 to peer 0x5586c6772ee0 (23 bytes)
1748911353.577234 sending message 105 to peer 0x5586c6772ee0 (49 bytes)
1748911353.577236 sending message 105 to peer 0x5586c6772ee0 (29 bytes)
1748911353.577238 sending message 105 to peer 0x5586c6772ee0 (29 bytes)
1748911353.577240 sending message 105 to peer 0x5586c6772ee0 (34 bytes)
1748911353.577242 sending message 105 to peer 0x5586c6772ee0 (19 bytes)
1748911353.577244 sending message 105 to peer 0x5586c6772ee0 (24 bytes)
1748911353.577246 sending message 105 to peer 0x5586c6772ee0 (27 bytes)
1748911353.577248 sending message 105 to peer 0x5586c6772ee0 (20 bytes)
1748911353.577250 sending message 105 to peer 0x5586c6772ee0 (19 bytes)
1748911353.577252 sending message 105 to peer 0x5586c6772ee0 (8 bytes)
1748911353.577254 sending message 105 to peer 0x5586c6772ee0 (21 bytes)
1748911353.577256 sending message 105 to peer 0x5586c6772ee0 (29 bytes)
1748911353.577257 sending message 105 to peer 0x5586c6772ee0 (18 bytes)
1748911353.577259 sending message 105 to peer 0x5586c6772ee0 (26 bytes)
1748911353.577261 sending message 105 to peer 0x5586c6772ee0 (37 bytes)
1748911353.577263 sending message 105 to peer 0x5586c6772ee0 (13 bytes)
1748911353.577265 sending message 105 to peer 0x5586c6772ee0 (11 bytes)
1748911353.577267 sending message 105 to peer 0x5586c6772ee0 (19 bytes)
1748911353.577269 sending message 105 to peer 0x5586c6772ee0 (29 bytes)
1748911353.577271 sending message 105 to peer 0x5586c6772ee0 (26 bytes)
1748911353.577273 sending message 105 to peer 0x5586c6772ee0 (20 bytes)
1748911353.577275 sending message 105 to peer 0x5586c6772ee0 (29 bytes)
1748911353.577277 sending message 105 to peer 0x5586c6772ee0 (31 bytes)
1748911353.577278 sending message 105 to peer 0x5586c6772ee0 (15 bytes)
1748911353.577280 sending message 105 to peer 0x5586c6772ee0 (23 bytes)
1748911353.577282 sending message 105 to peer 0x5586c6772ee0 (17 bytes)
1748911353.577284 sending message 105 to peer 0x5586c6772ee0 (25 bytes)
1748911353.577286 sending message 105 to peer 0x5586c6772ee0 (11 bytes)
1748911353.577288 sending message 105 to peer 0x5586c6772ee0 (21 bytes)
1748911353.577290 sending message 105 to peer 0x5586c6772ee0 (21 bytes)
1748911353.577292 sending message 105 to peer 0x5586c6772ee0 (44 bytes)
1748911353.577294 sending message 105 to peer 0x5586c6772ee0 (39 bytes)
1748911353.577296 sending message 105 to peer 0x5586c6772ee0 (16 bytes)
1748911353.577298 sending message 105 to peer 0x5586c6772ee0 (30 bytes)
1748911353.577300 sending message 106 to peer 0x5586c6772ee0 (0 bytes)
1748911353.577328 sending message 200 to peer 0x5586c6772ee0 (4 bytes)
1748911353.577330 client loop enter
1748911353.578920 peer 0x5586c6772ee0 message 303
1748911353.578927 open write file 2 -
1748911353.578933 sending message 305 to peer 0x5586c6772ee0 (8 bytes)
1748911353.578940 write check file 2
1748911353.579065 peer 0x5586c6772ee0 message 304
1748911353.579070 write 58 to file 2
1748911353.579073 peer 0x5586c6772ee0 message 203
1748911353.579076 file 2 58 bytes left
1748911353.579086 write check file 2
1748911353.579089 client loop exit
